Arguments: 
  /Users/reneecohen/.nvm/versions/node/v12.16.1/bin/node /usr/local/Cellar/yarn/1.22.1/libexec/bin/yarn.js install

PATH: 
  /Users/reneecohen/.nvm/versions/node/v12.16.1/bin:/Users/reneecohen/.nvm/versions/node/v8.17.0/bin:/Users/reneecohen/.autojump/bin:/usr/local/bin:/usr/bin:/bin:/usr/sbin:/sbin:/Users/reneecohen/.nvm/versions/node/v8.17.0/bin:/Users/reneecohen/.autojump/bin

Yarn version: 
  1.22.1

Node version: 
  12.16.1

Platform: 
  darwin x64

Trace: 
  Error: https://registry.yarnpkg.com/@monorepo%2fbackend: Not found
      at Request.params.callback [as _callback] (/usr/local/Cellar/yarn/1.22.1/libexec/lib/cli.js:66982:18)
      at Request.self.callback (/usr/local/Cellar/yarn/1.22.1/libexec/lib/cli.js:140743:22)
      at Request.emit (events.js:311:20)
      at Request.<anonymous> (/usr/local/Cellar/yarn/1.22.1/libexec/lib/cli.js:141715:10)
      at Request.emit (events.js:311:20)
      at IncomingMessage.<anonymous> (/usr/local/Cellar/yarn/1.22.1/libexec/lib/cli.js:141637:12)
      at Object.onceWrapper (events.js:417:28)
      at IncomingMessage.emit (events.js:323:22)
      at endReadableNT (_stream_readable.js:1204:12)
      at processTicksAndRejections (internal/process/task_queues.js:84:21)

npm manifest: 
  {
    "name": "@monorepo/web-client",
    "version": "1.0.0",
    "main": "index.js",
    "license": "MIT",
    "private": true,
    "scripts": {
      "start": "webpack-dev-server --mode development --open --hot",
      "build": "webpack --mode production",
      "build-babel": "babel src/ -d lib/",
      "storybook": "start-storybook -p 6006",
      "build-storybook": "build-storybook"
    },
    "dependencies": {
      "@apollo/react-components": "^3.1.5",
      "@apollo/react-hooks": "^3.1.4",
      "@bit/joshk.react-spinners-css.facebook": "^1.1.7",
      "@date-io/date-fns": "1.x",
      "@jolt-us/jolt-mobx": "^2.0.3",
      "@material-ui/core": "^4.9.5",
      "@material-ui/icons": "^4.9.1",
      "@material-ui/pickers": "^3.2.10",
      "@monorepo/backend": "^1.0.0",
      "apollo-boost": "^0.4.7",
      "apollo-cache-inmemory": "^1.6.5",
      "apollo-client": "^2.6.8",
      "apollo-link-http": "^1.5.17",
      "axios": "^0.19.2",
      "babel-loader": "^8.0.6",
      "babel-runtime": "^6.26.0",
      "date-fns": "^2.11.1",
      "graphql": "^15.0.0",
      "graphql-tag": "^2.10.3",
      "html-webpack-plugin": "^3.2.0",
      "react": "^16.13.0",
      "react-dom": "^16.13.0",
      "react-redux": "^7.2.0",
      "react-router-dom": "^5.1.2",
      "react-scroll-to-bottom": "^1.3.2",
      "react-spinners-css": "^1.1.7",
      "redux": "^4.0.5",
      "redux-devtools-extension": "^2.13.8",
      "redux-logger": "^3.0.6",
      "redux-thunk": "^2.3.0",
      "uuid": "^7.0.2"
    },
    "devDependencies": {
      "@babel/cli": "^7.8.4",
      "@babel/core": "^7.9.0",
      "@babel/plugin-proposal-class-properties": "^7.8.3",
      "@babel/plugin-proposal-decorators": "^7.8.3",
      "@babel/polyfill": "^7.8.7",
      "@babel/preset-env": "^7.9.0",
      "@babel/preset-flow": "^7.9.0",
      "@babel/preset-react": "^7.9.1",
      "@storybook/addon-actions": "^5.3.17",
      "@storybook/addon-knobs": "^5.3.17",
      "@storybook/addon-links": "^5.3.17",
      "@storybook/addons": "^5.3.17",
      "@storybook/react": "^5.3.17",
      "css-loader": "^3.4.2",
      "flow-bin": "^0.121.0",
      "flow-typed": "^3.1.0",
      "html-loader": "^0.5.5",
      "style-loader": "^1.1.3",
      "webpack": "^4.42.0",
      "webpack-cli": "^3.3.11",
      "webpack-dev-server": "^3.10.3"
    }
  }

yarn manifest: 
  No manifest

Lockfile: 
  No lockfile
